  main.cpp
  menu.cpp
C:\Users\slaw\source\repos\project_projoppr\project_projoppr\menu\menu.h(4,16): warning C4091: 'typedef ': ignored on left of 'buttons' when no variable is declared
  (compiling source file 'main.cpp')
  
C:\Users\slaw\source\repos\project_projoppr\project_projoppr\menu\menu.h(21,21): warning C4305: 'initializing': truncation from 'double' to 'float'
  (compiling source file 'main.cpp')
  
C:\Users\slaw\source\repos\project_projoppr\project_projoppr\menu\menu.h(22,21): warning C4305: 'initializing': truncation from 'double' to 'float'
  (compiling source file 'main.cpp')
  
C:\Users\slaw\source\repos\project_projoppr\project_projoppr\menu\menu.h(23,21): warning C4305: 'initializing': truncation from 'double' to 'float'
  (compiling source file 'main.cpp')
  
C:\Users\slaw\source\repos\project_projoppr\project_projoppr\menu\menu.h(24,21): warning C4305: 'initializing': truncation from 'double' to 'float'
  (compiling source file 'main.cpp')
  
C:\Users\slaw\source\repos\project_projoppr\project_projoppr\menu\menu.h(4,16): warning C4091: 'typedef ': ignored on left of 'buttons' when no variable is declared
  (compiling source file 'menu/menu.cpp')
  
C:\Users\slaw\source\repos\project_projoppr\project_projoppr\menu\menu.h(21,21): warning C4305: 'initializing': truncation from 'double' to 'float'
  (compiling source file 'menu/menu.cpp')
  
C:\Users\slaw\source\repos\project_projoppr\project_projoppr\menu\menu.h(22,21): warning C4305: 'initializing': truncation from 'double' to 'float'
  (compiling source file 'menu/menu.cpp')
  
C:\Users\slaw\source\repos\project_projoppr\project_projoppr\menu\menu.h(23,21): warning C4305: 'initializing': truncation from 'double' to 'float'
  (compiling source file 'menu/menu.cpp')
  
C:\Users\slaw\source\repos\project_projoppr\project_projoppr\menu\menu.h(24,21): warning C4305: 'initializing': truncation from 'double' to 'float'
  (compiling source file 'menu/menu.cpp')
  
C:\Users\slaw\source\repos\project_projoppr\project_projoppr\menu\menu.cpp(8,107): warning C4244: 'argument': conversion from 'float' to 'int', possible loss of data
C:\Users\slaw\source\repos\project_projoppr\project_projoppr\menu\menu.cpp(8,65): warning C4244: 'argument': conversion from 'float' to 'int', possible loss of data
  Generating code
  Previous IPDB not found, fall back to full compilation.
  All 4 functions were compiled because no usable IPDB/IOBJ from previous compilation was found.
  Finished generating code
  project_projoppr.vcxproj -> C:\Users\slaw\source\repos\project_projoppr\x64\Release\project_projoppr.exe
